14
Rate: 251,801 rounds/s	46,285Rate: 285,229 rounds/s	104,917Rate: 298,100 rounds/s	164,517Rate: 304,678 rounds/s	224,146Rate: 313,178 rounds/s	287,711Rate: 315,014 rounds/s	347,128Rate: 316,594 rounds/s	407,180Rate: 317,790 rounds/s	467,125Rate: 318,728 rounds/s	527,073Rate: 319,326 rounds/s	586,759Rate: 319,630 rounds/s	646,218Rate: 319,952 rounds/s	705,734Rate: 319,925 rounds/s	764,588Rate: 298,667 rounds/s	768,649Rate: 310,929 rounds/s	800,000

============================
 Job utilisation efficiency
============================

Job ID: 23204425
Cluster: viking
User/Group: jht517/clusterusers
State: COMPLETED (exit code 0)
Nodes: 1
Cores per node: 32
CPU Utilized: 00:03:09
CPU Efficiency: 42.19% of 00:07:28 core-walltime
Job Wall-clock time: 00:00:14
Memory Utilized: 1.42 MB
Memory Efficiency: 1.42% of 100.00 MB
 Requested wall clock time: 00:10:00
    Actual wall clock time: 00:00:14
Wall clock time efficiency: 2.3%
           Job queued time: 00:00:14
