11
Rate: 230,852 rounds/s	42,555Rate: 243,640 rounds/s	89,673Rate: 247,109 rounds/s	136,364Rate: 248,420 rounds/s	182,690Rate: 249,377 rounds/s	229,250Rate: 250,265 rounds/s	276,061Rate: 250,975 rounds/s	322,824Rate: 250,678 rounds/s	368,450Rate: 251,142 rounds/s	415,512Rate: 250,178 rounds/s	460,014Rate: 250,390 rounds/s	506,207Rate: 250,751 rounds/s	553,063Rate: 251,062 rounds/s	599,980Rate: 251,163 rounds/s	646,318Rate: 251,317 rounds/s	692,890Rate: 251,506 rounds/s	739,766Rate: 251,723 rounds/s	786,494Rate: 238,979 rounds/s	790,565Rate: 226,401 rounds/s	790,565Rate: 229,123 rounds/s	800,000

============================
 Job utilisation efficiency
============================

Job ID: 23204399
Cluster: viking
User/Group: jht517/clusterusers
State: RUNNING
Nodes: 1
Cores per node: 32
CPU Utilized: 00:03:10
CPU Efficiency: 31.25% of 00:10:08 core-walltime
Job Wall-clock time: 00:00:19
Memory Utilized: 1.17 MB
Memory Efficiency: 1.17% of 100.00 MB
WARNING: Efficiency statistics may be misleading for RUNNING jobs.
 Requested wall clock time: 00:10:00
    Actual wall clock time: 00:00:19
Wall clock time efficiency: 3.2%
           Job queued time: 00:00:09
